info it worked if it ends with ok
verbose cli [ 'node', '/usr/local/bin/npm', 'install', '-g' ]
info using npm@1.1.15
info using node@v0.8.0
verbose /usr/local/bin/node node symlink
verbose config file /Users/iadramelk/.npmrc
verbose config file /usr/local/etc/npmrc
verbose config file /usr/local/lib/node_modules/npm/npmrc
verbose cache add [ '.', null ]
silly cache add: name, spec, args [ undefined, '.', [ '.', null ] ]
verbose parsed url { pathname: '.', path: '.', href: '.' }
ERR! Could not install: .
ERR! Error: Invalid 'version' field: 0.3
ERR! 'version' Must be X.Y.Z, with an optional trailing tag.
ERR! See the section on 'version' in `npm help json`
ERR!     at /usr/local/lib/node_modules/npm/lib/utils/read-json.js:404:13
ERR!     at /usr/local/lib/node_modules/npm/lib/utils/read-json.js:192:33
ERR!     at P (/usr/local/lib/node_modules/npm/lib/utils/read-json.js:168:41)
ERR!     at /usr/local/lib/node_modules/npm/lib/utils/read-json.js:134:7
ERR!     at fs.readFile (fs.js:176:14)
ERR!     at fs.close (/usr/local/lib/node_modules/npm/node_modules/graceful-fs/graceful-fs.js:94:5)
ERR!     at Object.oncomplete (fs.js:297:15)
ERR! You may report this log at:
ERR!     <http://github.com/isaacs/npm/issues>
ERR! or email it to:
ERR!     <npm-@googlegroups.com>
ERR! 
ERR! System Darwin 11.4.0
ERR! command "node" "/usr/local/bin/npm" "install" "-g"
ERR! cwd /Users/iadramelk/Sites/styletto
ERR! node -v v0.8.0
ERR! npm -v 1.1.15
ERR! message Invalid 'version' field: 0.3
ERR! message 'version' Must be X.Y.Z, with an optional trailing tag.
ERR! message See the section on 'version' in `npm help json`
verbose exit [ 1, true ]
